\BOOKMARK [1][-]{section.1}{Introduction et pr\351sentation de l'\351tude}{}% 1
\BOOKMARK [2][-]{subsection.1.1}{Introduction}{section.1}% 2
\BOOKMARK [2][-]{subsection.1.2}{Pr\351sentation de l'\351tude}{section.1}% 3
\BOOKMARK [1][-]{section.2}{M\351thode de r\351solution}{}% 4
\BOOKMARK [2][-]{subsection.2.1}{\311quations du probl\350me}{section.2}% 5
\BOOKMARK [1][-]{section.3}{Zone de saturation}{}% 6
\BOOKMARK [2][-]{subsection.3.1}{Puissance chauffage}{section.3}% 7
\BOOKMARK [2][-]{subsection.3.2}{Diff\351rence enthalpie}{section.3}% 8
\BOOKMARK [2][-]{subsection.3.3}{Comparaison des m\351thodes}{section.3}% 9
\BOOKMARK [1][-]{section.4}{Algorithme classique}{}% 10
\BOOKMARK [2][-]{subsection.4.1}{Principe de l'algorithme classique}{section.4}% 11
\BOOKMARK [2][-]{subsection.4.2}{Formalisation de l'algorithme classique}{section.4}% 12
\BOOKMARK [2][-]{subsection.4.3}{Convergence en discr\351tisation spatiale}{section.4}% 13
\BOOKMARK [1][-]{section.5}{Pr\351sentation de la m\351thode PINN}{}% 14
\BOOKMARK [2][-]{subsection.5.1}{Introduction et \351tat de l'art}{section.5}% 15
\BOOKMARK [2][-]{subsection.5.2}{Principe de fonctionnement}{section.5}% 16
\BOOKMARK [2][-]{subsection.5.3}{Adaptation au probl\350me du projet}{section.5}% 17
\BOOKMARK [2][-]{subsection.5.4}{Limites rencontr\351es}{section.5}% 18
\BOOKMARK [1][-]{section.6}{R\351sultats obtenus}{}% 19
\BOOKMARK [2][-]{subsection.6.1}{R\351sum\351 synth\351tique}{section.6}% 20
\BOOKMARK [2][-]{subsection.6.2}{R\351sultats d\351taill\351s}{section.6}% 21
\BOOKMARK [1][-]{section.7}{Discussion et conclusion}{}% 22
\BOOKMARK [2][-]{subsection.7.1}{Commentaires sur les r\351sultats obtenus}{section.7}% 23
\BOOKMARK [2][-]{subsection.7.2}{Conclusion}{section.7}% 24
